This is pdfTeX, Version 3.14159265-2.6-1.40.16 (TeX Live 2015/Debian) (preloaded format=pdflatex 2018.10.12)  28 OCT 2019 15:49
entering extended mode
 restricted \write18 enabled.
 %&-line parsing enabled.
**cv_2
(./cv_2.tex
LaTeX2e <2016/02/01>
Babel <3.9q> and hyphenation patterns for 3 language(s) loaded.
(./res.cls
Document Style `res' <26 Sep 89>.
Document Class: res 2000/05/19 v1.4b Resume class
(/usr/share/texlive/texmf-dist/tex/latex/base/article.cls
Document Class: article 2014/09/29 v1.4h Standard LaTeX document class
(/usr/share/texlive/texmf-dist/tex/latex/base/size10.clo
File: size10.clo 2014/09/29 v1.4h Standard LaTeX file (size option)
)
\c@part=\count79
\c@section=\count80
\c@subsection=\count81
\c@subsubsection=\count82
\c@paragraph=\count83
\c@subparagraph=\count84
\c@figure=\count85
\c@table=\count86
\abovecaptionskip=\skip41
\belowcaptionskip=\skip42
\bibindent=\dimen102
)
\tabular@text=\toks14
\tabular@head=\toks15
\tabular@tail=\toks16
\@ta=\toks17
\undefined@token=\toks18
\sectionwidth=\dimen103
\sectionskip=\skip43
\resumewidth=\dimen104
\@columnwidth=\dimen105
\c@numberofcolumns=\count87
)
(/usr/share/texlive/texmf-dist/tex/latex/psnfss/helvet.sty
Package: helvet 2005/04/12 PSNFSS-v9.2a (WaS) 

(/usr/share/texlive/texmf-dist/tex/latex/graphics/keyval.sty
Package: keyval 2014/10/28 v1.15 key=value parser (DPC)
\KV@toks@=\toks19
))
(/usr/share/texlive/texmf-dist/tex/latex/natbib/bibentry.sty
Package: bibentry 2007/10/30 1.5 (PWD)
)
(/usr/share/texlive/texmf-dist/tex/latex/tools/enumerate.sty
Package: enumerate 2015/07/23 v3.00 enumerate extensions (DPC)
\@enLab=\toks20
)
(/usr/share/texlive/texmf-dist/tex/latex/url/url.sty
\Urlmuskip=\muskip10
Package: url 2013/09/16  ver 3.4  Verb mode for urls, etc.
)

LaTeX Warning: Unused global option(s):
    [10pt].

(./cv_2.aux)
\openout1 = `cv_2.aux'.

LaTeX Font Info:    Checking defaults for OML/cmm/m/it on input line 33.
LaTeX Font Info:    ... okay on input line 33.
LaTeX Font Info:    Checking defaults for T1/cmr/m/n on input line 33.
LaTeX Font Info:    ... okay on input line 33.
LaTeX Font Info:    Checking defaults for OT1/cmr/m/n on input line 33.
LaTeX Font Info:    ... okay on input line 33.
LaTeX Font Info:    Checking defaults for OMS/cmsy/m/n on input line 33.
LaTeX Font Info:    ... okay on input line 33.
LaTeX Font Info:    Checking defaults for OMX/cmex/m/n on input line 33.
LaTeX Font Info:    ... okay on input line 33.
LaTeX Font Info:    Checking defaults for U/cmr/m/n on input line 33.
LaTeX Font Info:    ... okay on input line 33.
LaTeX Font Info:    External font `cmex10' loaded for size
(Font)              <7> on input line 50.
LaTeX Font Info:    External font `cmex10' loaded for size
(Font)              <5> on input line 50.
 (./cv_2.bbl)
Missing character: There is no ‚ in font cmsl10!
Missing character: There is no Ä in font cmsl10!
Missing character: There is no ú in font cmsl10!
Missing character: There is no ‚ in font cmsl10!
Missing character: There is no Ä in font cmsl10!
Missing character: There is no ù in font cmsl10!
 [1

{/var/lib/texmf/fonts/map/pdftex/updmap/pdftex.map}]
Overfull \hbox (4.79431pt too wide) in paragraph at lines 146--147
[]\OT1/cmr/m/sl/10 Cherry Ng, Keith Van-der-linde, \OT1/cmr/bx/sl/10 Par-adise,
 Adiv\OT1/cmr/m/sl/10 , Pe-ter Klages, Kiyoshi Ma-sui, Kendrick
 []


Overfull \hbox (1.21019pt too wide) in paragraph at lines 147--148
[]\OT1/cmr/m/sl/10 Daniel Tamayo, Ari Sil-burt, Di-ana Va-len-cia, Kris-ten Men
ou, Mo-hamad Ali-Dib, Cristo-
 []

[2]
Overfull \hbox (3.57643pt too wide) in paragraph at lines 183--184
\OT1/cmtt/m/sl/10 breaking-[]research / can-[]life-[]exist-[]snowball-[]planet-
[]new-[]utsc-[]research-[]says-[]yes$ 
 []

Missing character: There is no ‚ in font cmsl10!
Missing character: There is no Ä in font cmsl10!
Missing character: There is no î in font cmsl10!
[3]
Missing character: There is no ‚ in font cmbxsl10!
Missing character: There is no Ä in font cmbxsl10!
Missing character: There is no ù in font cmbxsl10!
Missing character: There is no ‚ in font cmbxsl10!
Missing character: There is no Ä in font cmbxsl10!
Missing character: There is no ù in font cmbxsl10!
 [4] (./cv_2.aux) ) 
Here is how much of TeX's memory you used:
 492 strings out of 494953
 5995 string characters out of 6180976
 57260 words of memory out of 5000000
 3832 multiletter control sequences out of 15000+600000
 5434 words of font info for 20 fonts, out of 8000000 for 9000
 14 hyphenation exceptions out of 8191
 29i,8n,21p,409b,209s stack positions out of 5000i,500n,10000p,200000b,80000s
</usr/share/texlive/texmf-dist/fonts/type1/public/amsfonts/c
m/cmbx10.pfb></usr/share/texlive/texmf-dist/fonts/type1/public/amsfonts/cm/cmbx
12.pfb></usr/share/texlive/texmf-dist/fonts/type1/public/amsfonts/cm/cmbxsl10.p
fb></usr/share/texlive/texmf-dist/fonts/type1/public/amsfonts/cm/cmr10.pfb></us
r/share/texlive/texmf-dist/fonts/type1/public/amsfonts/cm/cmsl10.pfb></usr/shar
e/texlive/texmf-dist/fonts/type1/public/amsfonts/cm/cmsltt10.pfb>
Output written on cv_2.pdf (4 pages, 110212 bytes).
PDF statistics:
 41 PDF objects out of 1000 (max. 8388607)
 28 compressed objects within 1 object stream
 0 named destinations out of 1000 (max. 500000)
 1 words of extra memory for PDF output out of 10000 (max. 10000000)

